<?xml version="1.0" encoding="UTF-8"?>
<!-- Generated by org.testng.reporters.JUnitReportReporter -->
<testsuite hostname="LAPTOP-90KPGUR1" failures="0" tests="1" name="com.TestLayer.HomePageTest$HomePsgeTest" time="6.316" errors="0" timestamp="2023-01-26T19:13:55 IST" skipped="0">
  <testcase classname="com.TestLayer.HomePageTest$HomePsgeTest" name="checkAmount" time="6.316"/>
  <system-out/>
</testsuite> <!-- com.TestLayer.HomePageTest$HomePsgeTest -->
