<?xml version="1.0" encoding="UTF-8"?>
<!-- Generated by org.testng.reporters.JUnitReportReporter -->
<testsuite hostname="LAPTOP-90KPGUR1" failures="0" tests="1" name="com.TestLayer.LoginPageTest" time="7.320" errors="0" timestamp="2023-01-26T19:13:55 IST" skipped="0">
  <testcase classname="com.TestLayer.LoginPageTest" name="verifyLoginTest" time="7.320"/>
  <system-out/>
</testsuite> <!-- com.TestLayer.LoginPageTest -->
